<?xml version="1.0" encoding="UTF-8"?>
<!-- Generated by org.testng.reporters.JUnitReportReporter -->
<testsuite skipped="0" hostname="DESKTOP-ADGCHK6" name="com.ebanking.master.Exepom" tests="1" failures="0" timestamp="2022-11-30T17:23:50 IST" time="10.888" errors="0">
  <testcase name="pom" time="10.888" classname="com.ebanking.master.Exepom"/>
  <system-out/>
</testsuite> <!-- com.ebanking.master.Exepom -->
