<?xml version="1.0" encoding="UTF-8"?>
<!-- Generated by org.testng.reporters.JUnitReportReporter -->
<testsuite skipped="0" hostname="DESKTOP-ADGCHK6" name="com.ebanking.master.SampleNG" tests="2" failures="0" timestamp="2022-11-24T17:31:24 IST" time="28.793" errors="0">
  <testcase name="bcd" time="14.669" classname="com.ebanking.master.SampleNG"/>
  <system-out/>
  <testcase name="abc" time="14.124" classname="com.ebanking.master.SampleNG"/>
  <system-out/>
</testsuite> <!-- com.ebanking.master.SampleNG -->
