<?xml version="1.0" encoding="UTF-8"?>
<!-- Generated by org.testng.reporters.JUnitReportReporter -->
<testsuite skipped="0" hostname="DESKTOP-ADGCHK6" name="com.ebanking.master.SGrid" tests="1" failures="0" timestamp="2022-11-28T11:00:27 IST" time="8.783" errors="0">
  <testcase name="grid" time="8.783" classname="com.ebanking.master.SGrid"/>
  <system-out/>
</testsuite> <!-- com.ebanking.master.SGrid -->
