<?xml version="1.0" encoding="UTF-8"?>
<!-- Generated by org.testng.reporters.JUnitReportReporter -->
<testsuite skipped="0" hostname="DESKTOP-ADGCHK6" name="com.ebanking.master.Sgrid" tests="2" failures="0" timestamp="2022-12-21T16:04:57 IST" time="33.411" errors="0">
  <testcase name="Grid" time="14.447" classname="com.ebanking.master.Sgrid"/>
  <system-out/>
  <testcase name="Grid" time="18.964" classname="com.ebanking.master.Sgrid"/>
  <system-out/>
</testsuite> <!-- com.ebanking.master.Sgrid -->
