<?xml version="1.0" encoding="UTF-8"?>
<!-- Generated by org.testng.reporters.JUnitReportReporter -->
<testsuite skipped="0" hostname="DESKTOP-ADGCHK6" name="com.ebanking.master.RolNG" tests="3" failures="0" timestamp="2022-11-29T17:19:20 IST" time="22.179" errors="0">
  <testcase name="Rol" time="7.286" classname="com.ebanking.master.RolNG"/>
  <system-out/>
  <testcase name="Rol" time="7.556" classname="com.ebanking.master.RolNG"/>
  <system-out/>
  <testcase name="Rol" time="7.337" classname="com.ebanking.master.RolNG"/>
  <system-out/>
</testsuite> <!-- com.ebanking.master.RolNG -->
